<?xml version="1.0" encoding="UTF-8"?>
<testsuites>
  <testsuite name="fastlane.lanes">
    
      
      <testcase classname="fastlane.lanes" name="0: Verifying required fastlane version" time="0.000747">
        
      </testcase>
    
      
      <testcase classname="fastlane.lanes" name="1: increment_build_number" time="2.775591">
        
      </testcase>
    
      
      <testcase classname="fastlane.lanes" name="2: xctool -project ../ios/snowflake.xcodeproj -scheme snowflake clean archive -archivePath ../build/snowflake" time="4.687532">
        
          <failure message="/Users/robin/.rbenv/versions/2.2.2/lib/ruby/gems/2.2.0/gems/fastlane-1.82.0/lib/fastlane/actions/actions_helper.rb:33:in `execute_action'&#10;/Users/robin/.rbenv/versions/2.2.2/lib/ruby/gems/2.2.0/gems/fastlane-1.82.0/lib/fastlane/fast_file.rb:181:in `sh'&#10;Fastfile:10:in `block (2 levels) in parsing_binding'&#10;/Users/robin/.rbenv/versions/2.2.2/lib/ruby/gems/2.2.0/gems/fastlane-1.82.0/lib/fastlane/lane.rb:36:in `call'&#10;/Users/robin/.rbenv/versions/2.2.2/lib/ruby/gems/2.2.0/gems/fastlane-1.82.0/lib/fastlane/lane.rb:36:in `call'&#10;/Users/robin/.rbenv/versions/2.2.2/lib/ruby/gems/2.2.0/gems/fastlane-1.82.0/lib/fastlane/runner.rb:52:in `block in execute'&#10;/Users/robin/.rbenv/versions/2.2.2/lib/ruby/gems/2.2.0/gems/fastlane-1.82.0/lib/fastlane/runner.rb:46:in `chdir'&#10;/Users/robin/.rbenv/versions/2.2.2/lib/ruby/gems/2.2.0/gems/fastlane-1.82.0/lib/fastlane/runner.rb:46:in `execute'&#10;/Users/robin/.rbenv/versions/2.2.2/lib/ruby/gems/2.2.0/gems/fastlane-1.82.0/lib/fastlane/lane_manager.rb:46:in `cruise_lane'&#10;/Users/robin/.rbenv/versions/2.2.2/lib/ruby/gems/2.2.0/gems/fastlane-1.82.0/lib/fastlane/command_line_handler.rb:30:in `handle'&#10;/Users/robin/.rbenv/versions/2.2.2/lib/ruby/gems/2.2.0/gems/fastlane-1.82.0/bin/fastlane:38:in `block (2 levels) in run'&#10;/Users/robin/.rbenv/versions/2.2.2/lib/ruby/gems/2.2.0/gems/commander-4.3.5/lib/commander/command.rb:178:in `call'&#10;/Users/robin/.rbenv/versions/2.2.2/lib/ruby/gems/2.2.0/gems/commander-4.3.5/lib/commander/command.rb:178:in `call'&#10;/Users/robin/.rbenv/versions/2.2.2/lib/ruby/gems/2.2.0/gems/commander-4.3.5/lib/commander/command.rb:153:in `run'&#10;/Users/robin/.rbenv/versions/2.2.2/lib/ruby/gems/2.2.0/gems/commander-4.3.5/lib/commander/runner.rb:428:in `run_active_command'&#10;/Users/robin/.rbenv/versions/2.2.2/lib/ruby/gems/2.2.0/gems/fastlane_core-0.42.0/lib/fastlane_core/ui/fastlane_runner.rb:23:in `run!'&#10;/Users/robin/.rbenv/versions/2.2.2/lib/ruby/gems/2.2.0/gems/commander-4.3.5/lib/commander/delegates.rb:15:in `run!'&#10;/Users/robin/.rbenv/versions/2.2.2/lib/ruby/gems/2.2.0/gems/fastlane-1.82.0/bin/fastlane:168:in `run'&#10;/Users/robin/.rbenv/versions/2.2.2/lib/ruby/gems/2.2.0/gems/fastlane-1.82.0/bin/fastlane:174:in `&lt;top (required)&gt;'&#10;/Users/robin/.rbenv/versions/2.2.2/bin/fastlane:23:in `load'&#10;/Users/robin/.rbenv/versions/2.2.2/bin/fastlane:23:in `&lt;main&gt;'&#10;&#10;Exit status of command 'xctool -project ../ios/snowflake.xcodeproj -scheme snowflake clean archive -archivePath ../build/snowflake' was 1 instead of 0.&#10;[Info] Loading settings for scheme 'snowflake' ... (1344 ms)&#10;&#10;=== CLEAN ===&#10;&#10;  xcodebuild clean snowflake&#10;    snowflake / snowflake (Debug)&#10;      ~ Check dependencies (184 ms)&#10;--------------------------------------------------------------------------------&#10;[BEROR]Code Sign error: No code signing identities found: No valid signing identities (i.e. certificate and private key pair) matching the team ID “BJW5E7FWWV” were found.&#10;--------------------------------------------------------------------------------&#10;      ~ Create product structure (0 ms)&#10;--------------------------------------------------------------------------------&#10;/bin/mkdir -p /Users/robin/Library/Developer/Xcode/DerivedData/snowflake-fvmkyquxdyroduhavslilbarkxmo/Build/Products/Debug-iphoneos/snowflake.app&#10;--------------------------------------------------------------------------------&#10;      ~ Remove snowflake.build (1 ms)&#10;      ~ Remove snowflake.app.dSYM (1 ms)&#10;      ~ Remove snowflake.app (1 ms)&#10;      0 errored, 0 warning (194 ms)&#10;&#10;    snowflake / snowflakeTests (Debug)&#10;      ~ Check dependencies (0 ms)&#10;--------------------------------------------------------------------------------&#10;[BEROR]Code Sign error: No code signing identities found: No valid signing identities (i.e. certificate and private key pair) matching the team ID “BJW5E7FWWV” were found.&#10;--------------------------------------------------------------------------------&#10;      ~ Create product structure (0 ms)&#10;--------------------------------------------------------------------------------&#10;/bin/mkdir -p /Users/robin/Library/Developer/Xcode/DerivedData/snowflake-fvmkyquxdyroduhavslilbarkxmo/Build/Products/Debug-iphoneos/snowflakeTests.xctest&#10;--------------------------------------------------------------------------------&#10;      ~ Remove snowflakeTests.xctest (1 ms)&#10;      ~ Remove snowflakeTests.xctest.dSYM (0 ms)&#10;      ~ Remove snowflakeTests.build (1 ms)&#10;      0 errored, 0 warning (3 ms)&#10;&#10;&#10;  xcodebuild build clean&#10;    snowflake / snowflake (Debug)&#10;      ~ Check dependencies (193 ms)&#10;--------------------------------------------------------------------------------&#10;[BEROR]Code Sign error: No code signing identities found: No valid signing identities (i.e. certificate and private key pair) matching the team ID “BJW5E7FWWV” were found.&#10;--------------------------------------------------------------------------------&#10;      ~ Create product structure (0 ms)&#10;--------------------------------------------------------------------------------&#10;/bin/mkdir -p /Users/robin/Library/Developer/Xcode/DerivedData/snowflake-fvmkyquxdyroduhavslilbarkxmo/Build/Products/Debug-iphoneos/snowflake.app&#10;--------------------------------------------------------------------------------&#10;      ~ Remove snowflake.build (0 ms)&#10;      ~ Remove snowflake.app (1 ms)&#10;      ~ Remove snowflake.app.dSYM (1 ms)&#10;      0 errored, 0 warning (197 ms)&#10;&#10;    snowflake / snowflakeTests (Debug)&#10;      ~ Check dependencies (0 ms)&#10;--------------------------------------------------------------------------------&#10;[BEROR]Code Sign error: No code signing identities found: No valid signing identities (i.e. certificate and private key pair) matching the team ID “BJW5E7FWWV” were found.&#10;--------------------------------------------------------------------------------&#10;      ~ Create product structure (1 ms)&#10;--------------------------------------------------------------------------------&#10;/bin/mkdir -p /Users/robin/Library/Developer/Xcode/DerivedData/snowflake-fvmkyquxdyroduhavslilbarkxmo/Build/Products/Debug-iphoneos/snowflakeTests.xctest&#10;--------------------------------------------------------------------------------&#10;      ~ Remove snowflakeTests.xctest (0 ms)&#10;      ~ Remove snowflakeTests.xctest.dSYM (1 ms)&#10;      ~ Remove snowflakeTests.build (1 ms)&#10;      0 errored, 0 warning (4 ms)&#10;&#10;&#10;&#10;** CLEAN SUCCEEDED ** (2022 ms)&#10;&#10;=== ARCHIVE ===&#10;&#10;  xcodebuild archive snowflake&#10;    snowflake / snowflake (Release)&#10;      x Check dependencies (186 ms)&#10;--------------------------------------------------------------------------------&#10;Check dependencies&#10;Code Sign error: No code signing identities found: No valid signing identities (i.e. certificate and private key pair) matching the team ID “BJW5E7FWWV” were found.&#10;--------------------------------------------------------------------------------&#10;      1 errored, 0 warning (187 ms)&#10;&#10;&#10;&#10;Failures:&#10;&#10;  0) Check dependencies&#10;--------------------------------------------------------------------------------&#10;Check dependencies&#10;Code Sign error: No code signing identities found: No valid signing identities (i.e. certificate and private key pair) matching the team ID “BJW5E7FWWV” were found.--------------------------------------------------------------------------------&#10;&#10;** ARCHIVE FAILED ** (975 ms)&#10;&#10;" />
        
      </testcase>
    
  </testsuite>
</testsuites>
